2025-02-24 20:49:52 [Camel (camel-1) thread #1 - timer://fetchWeather] INFO  DailyWeatherRoute - LOGV001 - Weather Forecast Integration - Started
2025-02-24 20:49:53 [Camel (camel-1) thread #1 - timer://fetchWeather] INFO  DailyWeatherRoute - LOGV002 - Location - São Paulo - Message Validation - Started
2025-02-24 20:49:53 [Camel (camel-1) thread #1 - timer://fetchWeather] INFO  DailyWeatherRoute - LOGV102 - Location - São Paulo - Message Validation - End
2025-02-24 20:49:53 [Camel (camel-1) thread #1 - timer://fetchWeather] INFO  DailyWeatherRoute - LOGV002 - Location  - São Paulo - Send to Queue - " + " - Start
2025-02-24 20:49:54 [Camel (camel-1) thread #1 - timer://fetchWeather] INFO  DailyWeatherRoute - LOGV102 - Location  - São Paulo - Send to Queue - " +" - End
2025-02-24 20:49:54 [Camel (camel-1) thread #1 - timer://fetchWeather] INFO  DailyWeatherRoute - LOGV004 - Location - São Paulo - Send to DataBase - Start
2025-02-24 20:49:54 [Camel (camel-1) thread #1 - timer://fetchWeather] INFO  DailyWeatherRoute - LOGV104 - LOG104 - Location - São Paulo - Send to DataBase - End
2025-02-24 20:49:55 [Camel (camel-1) thread #1 - timer://fetchWeather] INFO  DailyWeatherRoute - LOGV002 - Location - Barueri - Message Validation - Started
2025-02-24 20:49:55 [Camel (camel-1) thread #1 - timer://fetchWeather] INFO  DailyWeatherRoute - LOGV102 - Location - Barueri - Message Validation - End
2025-02-24 20:49:55 [Camel (camel-1) thread #1 - timer://fetchWeather] INFO  DailyWeatherRoute - LOGV002 - Location  - Barueri - Send to Queue - " + " - Start
2025-02-24 20:49:55 [Camel (camel-1) thread #1 - timer://fetchWeather] INFO  DailyWeatherRoute - LOGV102 - Location  - Barueri - Send to Queue - " +" - End
2025-02-24 20:49:55 [Camel (camel-1) thread #1 - timer://fetchWeather] INFO  DailyWeatherRoute - LOGV004 - Location - Barueri - Send to DataBase - Start
2025-02-24 20:49:55 [Camel (camel-1) thread #1 - timer://fetchWeather] INFO  DailyWeatherRoute - LOGV104 - LOG104 - Location - Barueri - Send to DataBase - End
2025-02-24 20:49:55 [Camel (camel-1) thread #1 - timer://fetchWeather] INFO  DailyWeatherRoute - LOGV100 - Weather Forecast Integration - End
2025-02-24 20:50:12 [Camel (camel-1) thread #1 - timer://fetchWeather] INFO  DailyWeatherRoute - LOGV001 - Weather Forecast Integration - Started
2025-02-24 20:50:14 [Camel (camel-1) thread #1 - timer://fetchWeather] INFO  DailyWeatherRoute - LOGV002 - Location - São Paulo - Message Validation - Started
2025-02-24 20:50:14 [Camel (camel-1) thread #1 - timer://fetchWeather] INFO  DailyWeatherRoute - LOGV102 - Location - São Paulo - Message Validation - End
2025-02-24 20:50:14 [Camel (camel-1) thread #1 - timer://fetchWeather] INFO  DailyWeatherRoute - LOGV002 - Location  - São Paulo - Send to Queue - " + " - Start
2025-02-24 20:50:14 [Camel (camel-1) thread #1 - timer://fetchWeather] INFO  DailyWeatherRoute - LOGV102 - Location  - São Paulo - Send to Queue - " +" - End
2025-02-24 20:50:14 [Camel (camel-1) thread #1 - timer://fetchWeather] INFO  DailyWeatherRoute - LOGV004 - Location - São Paulo - Send to DataBase - Start
2025-02-24 20:50:14 [Camel (camel-1) thread #1 - timer://fetchWeather] INFO  DailyWeatherRoute - LOGV104 - LOG104 - Location - São Paulo - Send to DataBase - End
2025-02-24 20:50:14 [Camel (camel-1) thread #1 - timer://fetchWeather] INFO  DailyWeatherRoute - LOGV002 - Location - Barueri - Message Validation - Started
2025-02-24 20:50:14 [Camel (camel-1) thread #1 - timer://fetchWeather] INFO  DailyWeatherRoute - LOGV102 - Location - Barueri - Message Validation - End
2025-02-24 20:50:14 [Camel (camel-1) thread #1 - timer://fetchWeather] INFO  DailyWeatherRoute - LOGV002 - Location  - Barueri - Send to Queue - " + " - Start
2025-02-24 20:50:14 [Camel (camel-1) thread #1 - timer://fetchWeather] INFO  DailyWeatherRoute - LOGV102 - Location  - Barueri - Send to Queue - " +" - End
2025-02-24 20:50:14 [Camel (camel-1) thread #1 - timer://fetchWeather] INFO  DailyWeatherRoute - LOGV004 - Location - Barueri - Send to DataBase - Start
2025-02-24 20:50:14 [Camel (camel-1) thread #1 - timer://fetchWeather] INFO  DailyWeatherRoute - LOGV104 - LOG104 - Location - Barueri - Send to DataBase - End
2025-02-24 20:50:14 [Camel (camel-1) thread #1 - timer://fetchWeather] INFO  DailyWeatherRoute - LOGV100 - Weather Forecast Integration - End
2025-02-24 20:50:43 [Camel (camel-1) thread #1 - timer://fetchWeather] INFO  DailyWeatherRoute - LOGV001 - Weather Forecast Integration - Started
2025-02-24 20:50:44 [Camel (camel-1) thread #1 - timer://fetchWeather] INFO  DailyWeatherRoute - LOGV002 - Location - São Paulo - Message Validation - Started
2025-02-24 20:50:44 [Camel (camel-1) thread #1 - timer://fetchWeather] INFO  DailyWeatherRoute - LOGV102 - Location - São Paulo - Message Validation - End
2025-02-24 20:50:44 [Camel (camel-1) thread #1 - timer://fetchWeather] INFO  DailyWeatherRoute - LOGV002 - Location  - São Paulo - Send to Queue - " + " - Start
2025-02-24 20:50:45 [Camel (camel-1) thread #1 - timer://fetchWeather] INFO  DailyWeatherRoute - LOGV102 - Location  - São Paulo - Send to Queue - " +" - End
2025-02-24 20:50:45 [Camel (camel-1) thread #1 - timer://fetchWeather] INFO  DailyWeatherRoute - LOGV004 - Location - São Paulo - Send to DataBase - Start
2025-02-24 20:50:45 [Camel (camel-1) thread #1 - timer://fetchWeather] INFO  DailyWeatherRoute - LOGV104 - LOG104 - Location - São Paulo - Send to DataBase - End
2025-02-24 20:50:45 [Camel (camel-1) thread #1 - timer://fetchWeather] INFO  DailyWeatherRoute - LOGV002 - Location - Barueri - Message Validation - Started
2025-02-24 20:50:45 [Camel (camel-1) thread #1 - timer://fetchWeather] INFO  DailyWeatherRoute - LOGV102 - Location - Barueri - Message Validation - End
2025-02-24 20:50:45 [Camel (camel-1) thread #1 - timer://fetchWeather] INFO  DailyWeatherRoute - LOGV002 - Location  - Barueri - Send to Queue - " + " - Start
2025-02-24 20:50:45 [Camel (camel-1) thread #1 - timer://fetchWeather] INFO  DailyWeatherRoute - LOGV102 - Location  - Barueri - Send to Queue - " +" - End
2025-02-24 20:50:45 [Camel (camel-1) thread #1 - timer://fetchWeather] INFO  DailyWeatherRoute - LOGV004 - Location - Barueri - Send to DataBase - Start
2025-02-24 20:50:45 [Camel (camel-1) thread #1 - timer://fetchWeather] INFO  DailyWeatherRoute - LOGV104 - LOG104 - Location - Barueri - Send to DataBase - End
2025-02-24 20:50:45 [Camel (camel-1) thread #1 - timer://fetchWeather] INFO  DailyWeatherRoute - LOGV100 - Weather Forecast Integration - End
2025-02-24 20:51:31 [Camel (camel-1) thread #1 - timer://fetchWeather] INFO  DailyWeatherRoute - LOGV001 - Weather Forecast Integration - Started
2025-02-24 20:51:33 [Camel (camel-1) thread #1 - timer://fetchWeather] INFO  DailyWeatherRoute - LOGV002 - Location - São Paulo - Message Validation - Started
2025-02-24 20:51:33 [Camel (camel-1) thread #1 - timer://fetchWeather] INFO  DailyWeatherRoute - LOGV102 - Location - São Paulo - Message Validation - End
2025-02-24 20:51:33 [Camel (camel-1) thread #1 - timer://fetchWeather] INFO  DailyWeatherRoute - LOGV002 - Location  - São Paulo - Send to Queue - " + " - Start
2025-02-24 20:51:33 [Camel (camel-1) thread #1 - timer://fetchWeather] INFO  DailyWeatherRoute - LOGV102 - Location  - São Paulo - Send to Queue - " +" - End
2025-02-24 20:51:33 [Camel (camel-1) thread #1 - timer://fetchWeather] INFO  DailyWeatherRoute - LOGV004 - Location - São Paulo - Send to DataBase - Start
2025-02-24 20:51:33 [Camel (camel-1) thread #1 - timer://fetchWeather] INFO  DailyWeatherRoute - LOGV104 - LOG104 - Location - São Paulo - Send to DataBase - End
2025-02-24 20:51:33 [Camel (camel-1) thread #1 - timer://fetchWeather] INFO  DailyWeatherRoute - LOGV002 - Location - Barueri - Message Validation - Started
2025-02-24 20:51:33 [Camel (camel-1) thread #1 - timer://fetchWeather] INFO  DailyWeatherRoute - LOGV102 - Location - Barueri - Message Validation - End
2025-02-24 20:51:33 [Camel (camel-1) thread #1 - timer://fetchWeather] INFO  DailyWeatherRoute - LOGV002 - Location  - Barueri - Send to Queue - " + " - Start
2025-02-24 20:51:33 [Camel (camel-1) thread #1 - timer://fetchWeather] INFO  DailyWeatherRoute - LOGV102 - Location  - Barueri - Send to Queue - " +" - End
2025-02-24 20:51:33 [Camel (camel-1) thread #1 - timer://fetchWeather] INFO  DailyWeatherRoute - LOGV004 - Location - Barueri - Send to DataBase - Start
2025-02-24 20:51:33 [Camel (camel-1) thread #1 - timer://fetchWeather] INFO  DailyWeatherRoute - LOGV104 - LOG104 - Location - Barueri - Send to DataBase - End
2025-02-24 20:51:33 [Camel (camel-1) thread #1 - timer://fetchWeather] INFO  DailyWeatherRoute - LOGV100 - Weather Forecast Integration - End
2025-02-24 20:52:29 [Camel (camel-1) thread #1 - timer://fetchWeather] INFO  DailyWeatherRoute - LOGV001 - Weather Forecast Integration - Started
2025-02-24 20:52:31 [Camel (camel-1) thread #1 - timer://fetchWeather] INFO  DailyWeatherRoute - LOGV002 - Location - São Paulo - Message Validation - Started
2025-02-24 20:52:31 [Camel (camel-1) thread #1 - timer://fetchWeather] INFO  DailyWeatherRoute - LOGV102 - Location - São Paulo - Message Validation - End
2025-02-24 20:52:31 [Camel (camel-1) thread #1 - timer://fetchWeather] INFO  DailyWeatherRoute - LOGV002 - Location  - São Paulo - Send to Queue - " + " - Start
2025-02-24 20:52:31 [Camel (camel-1) thread #1 - timer://fetchWeather] INFO  DailyWeatherRoute - LOGV102 - Location  - São Paulo - Send to Queue - " +" - End
2025-02-24 20:52:31 [Camel (camel-1) thread #1 - timer://fetchWeather] INFO  DailyWeatherRoute - LOGV004 - Location - São Paulo - Send to DataBase - Start
2025-02-24 20:52:31 [Camel (camel-1) thread #1 - timer://fetchWeather] INFO  DailyWeatherRoute - LOGV104 - LOG104 - Location - São Paulo - Send to DataBase - End
2025-02-24 20:52:31 [Camel (camel-1) thread #1 - timer://fetchWeather] INFO  DailyWeatherRoute - LOGV002 - Location - Barueri - Message Validation - Started
2025-02-24 20:52:32 [Camel (camel-1) thread #1 - timer://fetchWeather] INFO  DailyWeatherRoute - LOGV102 - Location - Barueri - Message Validation - End
2025-02-24 20:52:32 [Camel (camel-1) thread #1 - timer://fetchWeather] INFO  DailyWeatherRoute - LOGV002 - Location  - Barueri - Send to Queue - " + " - Start
2025-02-24 20:52:32 [Camel (camel-1) thread #1 - timer://fetchWeather] INFO  DailyWeatherRoute - LOGV102 - Location  - Barueri - Send to Queue - " +" - End
2025-02-24 20:52:32 [Camel (camel-1) thread #1 - timer://fetchWeather] INFO  DailyWeatherRoute - LOGV004 - Location - Barueri - Send to DataBase - Start
2025-02-24 20:52:32 [Camel (camel-1) thread #1 - timer://fetchWeather] INFO  DailyWeatherRoute - LOGV104 - LOG104 - Location - Barueri - Send to DataBase - End
2025-02-24 20:52:32 [Camel (camel-1) thread #1 - timer://fetchWeather] INFO  DailyWeatherRoute - LOGV100 - Weather Forecast Integration - End
2025-02-24 20:52:49 [Camel (camel-1) thread #1 - timer://fetchWeather] INFO  DailyWeatherRoute - LOGV001 - Weather Forecast Integration - Started
2025-02-24 20:52:51 [Camel (camel-1) thread #1 - timer://fetchWeather] INFO  DailyWeatherRoute - LOGV002 - Location - São Paulo - Message Validation - Started
2025-02-24 20:52:51 [Camel (camel-1) thread #1 - timer://fetchWeather] INFO  DailyWeatherRoute - LOGV102 - Location - São Paulo - Message Validation - End
2025-02-24 20:52:51 [Camel (camel-1) thread #1 - timer://fetchWeather] INFO  DailyWeatherRoute - LOGV002 - Location  - São Paulo - Send to Queue - " + " - Start
2025-02-24 20:52:51 [Camel (camel-1) thread #3 - Multicast] INFO  DailyWeatherRoute - LOGV102 - Location  - São Paulo - Send to Queue - " +" - End
2025-02-24 20:52:51 [Camel (camel-1) thread #3 - Multicast] INFO  DailyWeatherRoute - LOGV004 - Location - São Paulo - Send to DataBase - Start
2025-02-24 20:52:51 [Camel (camel-1) thread #3 - Multicast] INFO  DailyWeatherRoute - LOGV104 - LOG104 - Location - São Paulo - Send to DataBase - End
2025-02-24 20:52:52 [Camel (camel-1) thread #3 - Multicast] INFO  DailyWeatherRoute - LOGV002 - Location - Barueri - Message Validation - Started
2025-02-24 20:52:52 [Camel (camel-1) thread #3 - Multicast] INFO  DailyWeatherRoute - LOGV102 - Location - Barueri - Message Validation - End
2025-02-24 20:52:52 [Camel (camel-1) thread #3 - Multicast] INFO  DailyWeatherRoute - LOGV002 - Location  - Barueri - Send to Queue - " + " - Start
2025-02-24 20:52:52 [Camel (camel-1) thread #9 - Multicast] INFO  DailyWeatherRoute - LOGV102 - Location  - Barueri - Send to Queue - " +" - End
2025-02-24 20:52:52 [Camel (camel-1) thread #9 - Multicast] INFO  DailyWeatherRoute - LOGV004 - Location - Barueri - Send to DataBase - Start
2025-02-24 20:52:52 [Camel (camel-1) thread #9 - Multicast] INFO  DailyWeatherRoute - LOGV104 - LOG104 - Location - Barueri - Send to DataBase - End
2025-02-24 20:52:52 [Camel (camel-1) thread #9 - Multicast] INFO  DailyWeatherRoute - LOGV100 - Weather Forecast Integration - End
2025-02-24 20:53:14 [Camel (camel-1) thread #1 - timer://fetchWeather] INFO  DailyWeatherRoute - LOGV001 - Weather Forecast Integration - Started
2025-02-24 20:53:15 [Camel (camel-1) thread #1 - timer://fetchWeather] INFO  DailyWeatherRoute - LOGV002 - Location - São Paulo - Message Validation - Started
2025-02-24 20:53:15 [Camel (camel-1) thread #1 - timer://fetchWeather] INFO  DailyWeatherRoute - LOGV102 - Location - São Paulo - Message Validation - End
2025-02-24 20:53:15 [Camel (camel-1) thread #1 - timer://fetchWeather] INFO  DailyWeatherRoute - LOGV002 - Location  - São Paulo - Send to Queue - " + " - Start
2025-02-24 20:53:15 [Camel (camel-1) thread #3 - Multicast] INFO  DailyWeatherRoute - LOGV102 - Location  - São Paulo - Send to Queue - " +" - End
2025-02-24 20:53:15 [Camel (camel-1) thread #3 - Multicast] INFO  DailyWeatherRoute - LOGV004 - Location - São Paulo - Send to DataBase - Start
2025-02-24 20:53:16 [Camel (camel-1) thread #3 - Multicast] INFO  DailyWeatherRoute - LOGV104 - LOG104 - Location - São Paulo - Send to DataBase - End
2025-02-24 20:53:16 [Camel (camel-1) thread #3 - Multicast] INFO  DailyWeatherRoute - LOGV002 - Location - Barueri - Message Validation - Started
2025-02-24 20:53:16 [Camel (camel-1) thread #3 - Multicast] INFO  DailyWeatherRoute - LOGV102 - Location - Barueri - Message Validation - End
2025-02-24 20:53:16 [Camel (camel-1) thread #3 - Multicast] INFO  DailyWeatherRoute - LOGV002 - Location  - Barueri - Send to Queue - " + " - Start
2025-02-24 20:53:16 [Camel (camel-1) thread #5 - Multicast] INFO  DailyWeatherRoute - LOGV102 - Location  - Barueri - Send to Queue - " +" - End
2025-02-24 20:53:16 [Camel (camel-1) thread #5 - Multicast] INFO  DailyWeatherRoute - LOGV004 - Location - Barueri - Send to DataBase - Start
2025-02-24 20:53:16 [Camel (camel-1) thread #5 - Multicast] INFO  DailyWeatherRoute - LOGV104 - LOG104 - Location - Barueri - Send to DataBase - End
2025-02-24 20:53:16 [Camel (camel-1) thread #5 - Multicast] INFO  DailyWeatherRoute - LOGV100 - Weather Forecast Integration - End
2025-02-24 20:53:54 [Camel (camel-2) thread #7 - timer://fetchWeather] INFO  DailyWeatherRoute - LOGV001 - Weather Forecast Integration - Started
2025-02-24 20:53:55 [Camel (camel-2) thread #7 - timer://fetchWeather] INFO  DailyWeatherRoute - LOGV002 - Location - São Paulo - Message Validation - Started
2025-02-24 20:53:55 [Camel (camel-2) thread #7 - timer://fetchWeather] INFO  DailyWeatherRoute - LOGV102 - Location - São Paulo - Message Validation - End
2025-02-24 20:53:55 [Camel (camel-2) thread #7 - timer://fetchWeather] INFO  DailyWeatherRoute - LOGV002 - Location  - São Paulo - Send to Queue - " + " - Start
2025-02-24 20:53:55 [Camel (camel-2) thread #7 - timer://fetchWeather] INFO  DailyWeatherRoute - LOGV102 - Location  - São Paulo - Send to Queue - " +" - End
2025-02-24 20:53:55 [Camel (camel-2) thread #7 - timer://fetchWeather] INFO  DailyWeatherRoute - LOGV004 - Location - São Paulo - Send to DataBase - Start
2025-02-24 20:53:55 [Camel (camel-2) thread #7 - timer://fetchWeather] INFO  DailyWeatherRoute - LOGV104 - LOG104 - Location - São Paulo - Send to DataBase - End
2025-02-24 20:53:56 [Camel (camel-2) thread #7 - timer://fetchWeather] INFO  DailyWeatherRoute - LOGV002 - Location - Barueri - Message Validation - Started
2025-02-24 20:53:56 [Camel (camel-2) thread #7 - timer://fetchWeather] INFO  DailyWeatherRoute - LOGV102 - Location - Barueri - Message Validation - End
2025-02-24 20:53:56 [Camel (camel-2) thread #7 - timer://fetchWeather] INFO  DailyWeatherRoute - LOGV002 - Location  - Barueri - Send to Queue - " + " - Start
2025-02-24 20:53:56 [Camel (camel-2) thread #7 - timer://fetchWeather] INFO  DailyWeatherRoute - LOGV102 - Location  - Barueri - Send to Queue - " +" - End
2025-02-24 20:53:56 [Camel (camel-2) thread #7 - timer://fetchWeather] INFO  DailyWeatherRoute - LOGV004 - Location - Barueri - Send to DataBase - Start
2025-02-24 20:53:56 [Camel (camel-2) thread #7 - timer://fetchWeather] INFO  DailyWeatherRoute - LOGV104 - LOG104 - Location - Barueri - Send to DataBase - End
2025-02-24 20:53:56 [Camel (camel-2) thread #7 - timer://fetchWeather] INFO  DailyWeatherRoute - LOGV100 - Weather Forecast Integration - End
2025-02-24 20:54:05 [Camel (camel-3) thread #9 - timer://fetchWeather] INFO  DailyWeatherRoute - LOGV001 - Weather Forecast Integration - Started
2025-02-24 20:54:06 [Camel (camel-3) thread #9 - timer://fetchWeather] INFO  DailyWeatherRoute - LOGV002 - Location - São Paulo - Message Validation - Started
2025-02-24 20:54:06 [Camel (camel-3) thread #9 - timer://fetchWeather] INFO  DailyWeatherRoute - LOGV102 - Location - São Paulo - Message Validation - End
2025-02-24 20:54:06 [Camel (camel-3) thread #9 - timer://fetchWeather] INFO  DailyWeatherRoute - LOGV002 - Location  - São Paulo - Send to Queue - " + " - Start
2025-02-24 20:54:06 [Camel (camel-3) thread #11 - Multicast] INFO  DailyWeatherRoute - LOGV102 - Location  - São Paulo - Send to Queue - " +" - End
2025-02-24 20:54:06 [Camel (camel-3) thread #11 - Multicast] INFO  DailyWeatherRoute - LOGV004 - Location - São Paulo - Send to DataBase - Start
2025-02-24 20:54:06 [Camel (camel-3) thread #11 - Multicast] INFO  DailyWeatherRoute - LOGV104 - LOG104 - Location - São Paulo - Send to DataBase - End
2025-02-24 20:54:07 [Camel (camel-3) thread #11 - Multicast] INFO  DailyWeatherRoute - LOGV002 - Location - Barueri - Message Validation - Started
2025-02-24 20:54:07 [Camel (camel-3) thread #11 - Multicast] INFO  DailyWeatherRoute - LOGV102 - Location - Barueri - Message Validation - End
2025-02-24 20:54:07 [Camel (camel-3) thread #11 - Multicast] INFO  DailyWeatherRoute - LOGV002 - Location  - Barueri - Send to Queue - " + " - Start
2025-02-24 20:54:07 [Camel (camel-3) thread #15 - Multicast] INFO  DailyWeatherRoute - LOGV102 - Location  - Barueri - Send to Queue - " +" - End
2025-02-24 20:54:07 [Camel (camel-3) thread #15 - Multicast] INFO  DailyWeatherRoute - LOGV004 - Location - Barueri - Send to DataBase - Start
2025-02-24 20:54:07 [Camel (camel-3) thread #15 - Multicast] INFO  DailyWeatherRoute - LOGV104 - LOG104 - Location - Barueri - Send to DataBase - End
2025-02-24 20:54:07 [Camel (camel-3) thread #15 - Multicast] INFO  DailyWeatherRoute - LOGV100 - Weather Forecast Integration - End
2025-02-24 20:54:10 [Camel (camel-4) thread #19 - timer://fetchWeather] INFO  DailyWeatherRoute - LOGV001 - Weather Forecast Integration - Started
2025-02-24 20:54:11 [Camel (camel-4) thread #19 - timer://fetchWeather] INFO  DailyWeatherRoute - LOGV002 - Location - São Paulo - Message Validation - Started
2025-02-24 20:54:11 [Camel (camel-4) thread #19 - timer://fetchWeather] INFO  DailyWeatherRoute - LOGV102 - Location - São Paulo - Message Validation - End
2025-02-24 20:54:11 [Camel (camel-4) thread #19 - timer://fetchWeather] INFO  DailyWeatherRoute - LOGV002 - Location  - São Paulo - Send to Queue - " + " - Start
2025-02-24 20:54:11 [Camel (camel-4) thread #23 - Multicast] INFO  DailyWeatherRoute - LOGV102 - Location  - São Paulo - Send to Queue - " +" - End
2025-02-24 20:54:11 [Camel (camel-4) thread #23 - Multicast] INFO  DailyWeatherRoute - LOGV004 - Location - São Paulo - Send to DataBase - Start
2025-02-24 20:54:11 [Camel (camel-4) thread #23 - Multicast] INFO  DailyWeatherRoute - LOGV104 - LOG104 - Location - São Paulo - Send to DataBase - End
2025-02-24 20:54:12 [Camel (camel-4) thread #23 - Multicast] INFO  DailyWeatherRoute - LOGV002 - Location - Barueri - Message Validation - Started
2025-02-24 20:54:12 [Camel (camel-4) thread #23 - Multicast] INFO  DailyWeatherRoute - LOGV102 - Location - Barueri - Message Validation - End
2025-02-24 20:54:12 [Camel (camel-4) thread #23 - Multicast] INFO  DailyWeatherRoute - LOGV002 - Location  - Barueri - Send to Queue - " + " - Start
2025-02-24 20:54:12 [Camel (camel-4) thread #25 - Multicast] INFO  DailyWeatherRoute - LOGV102 - Location  - Barueri - Send to Queue - " +" - End
2025-02-24 20:54:12 [Camel (camel-4) thread #25 - Multicast] INFO  DailyWeatherRoute - LOGV004 - Location - Barueri - Send to DataBase - Start
2025-02-24 20:54:12 [Camel (camel-4) thread #25 - Multicast] INFO  DailyWeatherRoute - LOGV104 - LOG104 - Location - Barueri - Send to DataBase - End
2025-02-24 20:54:12 [Camel (camel-4) thread #25 - Multicast] INFO  DailyWeatherRoute - LOGV100 - Weather Forecast Integration - End
2025-02-24 20:54:44 [Camel (camel-1) thread #1 - timer://fetchWeather] INFO  DailyWeatherRoute - LOGV001 - Weather Forecast Integration - Started
2025-02-24 20:54:45 [Camel (camel-1) thread #1 - timer://fetchWeather] INFO  DailyWeatherRoute - LOGV002 - Location - São Paulo - Message Validation - Started
2025-02-24 20:54:45 [Camel (camel-1) thread #1 - timer://fetchWeather] INFO  DailyWeatherRoute - LOGV102 - Location - São Paulo - Message Validation - End
2025-02-24 20:54:45 [Camel (camel-1) thread #1 - timer://fetchWeather] INFO  DailyWeatherRoute - LOGV002 - Location  - São Paulo - Send to Queue - " + " - Start
2025-02-24 20:54:46 [Camel (camel-1) thread #3 - Multicast] INFO  DailyWeatherRoute - LOGV102 - Location  - São Paulo - Send to Queue - " +" - End
2025-02-24 20:54:46 [Camel (camel-1) thread #3 - Multicast] INFO  DailyWeatherRoute - LOGV004 - Location - São Paulo - Send to DataBase - Start
2025-02-24 20:54:46 [Camel (camel-1) thread #3 - Multicast] INFO  DailyWeatherRoute - LOGV104 - LOG104 - Location - São Paulo - Send to DataBase - End
2025-02-24 20:54:46 [Camel (camel-1) thread #3 - Multicast] INFO  DailyWeatherRoute - LOGV002 - Location - Barueri - Message Validation - Started
2025-02-24 20:54:46 [Camel (camel-1) thread #3 - Multicast] INFO  DailyWeatherRoute - LOGV102 - Location - Barueri - Message Validation - End
2025-02-24 20:54:46 [Camel (camel-1) thread #3 - Multicast] INFO  DailyWeatherRoute - LOGV002 - Location  - Barueri - Send to Queue - " + " - Start
2025-02-24 20:54:46 [Camel (camel-1) thread #7 - Multicast] INFO  DailyWeatherRoute - LOGV102 - Location  - Barueri - Send to Queue - " +" - End
2025-02-24 20:54:46 [Camel (camel-1) thread #7 - Multicast] INFO  DailyWeatherRoute - LOGV004 - Location - Barueri - Send to DataBase - Start
2025-02-24 20:54:46 [Camel (camel-1) thread #7 - Multicast] INFO  DailyWeatherRoute - LOGV104 - LOG104 - Location - Barueri - Send to DataBase - End
2025-02-24 20:54:46 [Camel (camel-1) thread #7 - Multicast] INFO  DailyWeatherRoute - LOGV100 - Weather Forecast Integration - End
2025-02-24 20:55:06 [Camel (camel-1) thread #1 - timer://fetchWeather] INFO  DailyWeatherRoute - LOGV001 - Weather Forecast Integration - Started
2025-02-24 20:55:08 [Camel (camel-1) thread #1 - timer://fetchWeather] INFO  DailyWeatherRoute - LOGV002 - Location - São Paulo - Message Validation - Started
2025-02-24 20:55:08 [Camel (camel-1) thread #1 - timer://fetchWeather] INFO  DailyWeatherRoute - LOGV102 - Location - São Paulo - Message Validation - End
2025-02-24 20:55:08 [Camel (camel-1) thread #1 - timer://fetchWeather] INFO  DailyWeatherRoute - LOGV002 - Location  - São Paulo - Send to Queue - " + " - Start
2025-02-24 20:55:08 [Camel (camel-1) thread #5 - Multicast] INFO  DailyWeatherRoute - LOGV102 - Location  - São Paulo - Send to Queue - " +" - End
2025-02-24 20:55:08 [Camel (camel-1) thread #5 - Multicast] INFO  DailyWeatherRoute - LOGV004 - Location - São Paulo - Send to DataBase - Start
2025-02-24 20:55:08 [Camel (camel-1) thread #5 - Multicast] INFO  DailyWeatherRoute - LOGV104 - LOG104 - Location - São Paulo - Send to DataBase - End
2025-02-24 20:55:09 [Camel (camel-1) thread #5 - Multicast] INFO  DailyWeatherRoute - LOGV002 - Location - Barueri - Message Validation - Started
2025-02-24 20:55:09 [Camel (camel-1) thread #5 - Multicast] INFO  DailyWeatherRoute - LOGV102 - Location - Barueri - Message Validation - End
2025-02-24 20:55:09 [Camel (camel-1) thread #5 - Multicast] INFO  DailyWeatherRoute - LOGV002 - Location  - Barueri - Send to Queue - " + " - Start
2025-02-24 20:55:09 [Camel (camel-1) thread #7 - Multicast] INFO  DailyWeatherRoute - LOGV102 - Location  - Barueri - Send to Queue - " +" - End
2025-02-24 20:55:09 [Camel (camel-1) thread #7 - Multicast] INFO  DailyWeatherRoute - LOGV004 - Location - Barueri - Send to DataBase - Start
2025-02-24 20:55:09 [Camel (camel-1) thread #7 - Multicast] INFO  DailyWeatherRoute - LOGV104 - LOG104 - Location - Barueri - Send to DataBase - End
2025-02-24 20:55:09 [Camel (camel-1) thread #7 - Multicast] INFO  DailyWeatherRoute - LOGV100 - Weather Forecast Integration - End
2025-02-24 20:55:27 [Camel (camel-1) thread #1 - timer://fetchWeather] INFO  DailyWeatherRoute - LOGV001 - Weather Forecast Integration - Started
2025-02-24 20:55:29 [Camel (camel-1) thread #1 - timer://fetchWeather] INFO  DailyWeatherRoute - LOGV002 - Location - São Paulo - Message Validation - Started
2025-02-24 20:55:29 [Camel (camel-1) thread #1 - timer://fetchWeather] INFO  DailyWeatherRoute - LOGV102 - Location - São Paulo - Message Validation - End
2025-02-24 20:55:29 [Camel (camel-1) thread #1 - timer://fetchWeather] INFO  DailyWeatherRoute - LOGV002 - Location  - São Paulo - Send to Queue - " + " - Start
2025-02-24 20:55:29 [Camel (camel-1) thread #1 - timer://fetchWeather] INFO  DailyWeatherRoute - LOGV102 - Location  - São Paulo - Send to Queue - " +" - End
2025-02-24 20:55:29 [Camel (camel-1) thread #1 - timer://fetchWeather] INFO  DailyWeatherRoute - LOGV004 - Location - São Paulo - Send to DataBase - Start
2025-02-24 20:55:29 [Camel (camel-1) thread #1 - timer://fetchWeather] INFO  DailyWeatherRoute - LOGV104 - LOG104 - Location - São Paulo - Send to DataBase - End
2025-02-24 20:55:30 [Camel (camel-1) thread #1 - timer://fetchWeather] INFO  DailyWeatherRoute - LOGV002 - Location - Barueri - Message Validation - Started
2025-02-24 20:55:30 [Camel (camel-1) thread #1 - timer://fetchWeather] INFO  DailyWeatherRoute - LOGV102 - Location - Barueri - Message Validation - End
2025-02-24 20:55:30 [Camel (camel-1) thread #1 - timer://fetchWeather] INFO  DailyWeatherRoute - LOGV002 - Location  - Barueri - Send to Queue - " + " - Start
2025-02-24 20:55:30 [Camel (camel-1) thread #1 - timer://fetchWeather] INFO  DailyWeatherRoute - LOGV102 - Location  - Barueri - Send to Queue - " +" - End
2025-02-24 20:55:30 [Camel (camel-1) thread #1 - timer://fetchWeather] INFO  DailyWeatherRoute - LOGV004 - Location - Barueri - Send to DataBase - Start
2025-02-24 20:55:30 [Camel (camel-1) thread #1 - timer://fetchWeather] INFO  DailyWeatherRoute - LOGV104 - LOG104 - Location - Barueri - Send to DataBase - End
2025-02-24 20:55:30 [Camel (camel-1) thread #1 - timer://fetchWeather] INFO  DailyWeatherRoute - LOGV100 - Weather Forecast Integration - End
2025-02-24 20:55:40 [Camel (camel-1) thread #1 - timer://fetchWeather] INFO  DailyWeatherRoute - LOGV001 - Weather Forecast Integration - Started
2025-02-24 20:55:42 [Camel (camel-1) thread #1 - timer://fetchWeather] INFO  DailyWeatherRoute - LOGV002 - Location - São Paulo - Message Validation - Started
2025-02-24 20:55:42 [Camel (camel-1) thread #1 - timer://fetchWeather] INFO  DailyWeatherRoute - LOGV102 - Location - São Paulo - Message Validation - End
2025-02-24 20:55:42 [Camel (camel-1) thread #1 - timer://fetchWeather] INFO  DailyWeatherRoute - LOGV002 - Location  - São Paulo - Send to Queue - " + " - Start
2025-02-24 20:55:42 [Camel (camel-1) thread #1 - timer://fetchWeather] INFO  DailyWeatherRoute - LOGV102 - Location  - São Paulo - Send to Queue - " +" - End
2025-02-24 20:55:42 [Camel (camel-1) thread #1 - timer://fetchWeather] INFO  DailyWeatherRoute - LOGV004 - Location - São Paulo - Send to DataBase - Start
2025-02-24 20:55:42 [Camel (camel-1) thread #1 - timer://fetchWeather] INFO  DailyWeatherRoute - LOGV104 - LOG104 - Location - São Paulo - Send to DataBase - End
2025-02-24 20:55:43 [Camel (camel-1) thread #1 - timer://fetchWeather] INFO  DailyWeatherRoute - LOGV002 - Location - Barueri - Message Validation - Started
2025-02-24 20:55:43 [Camel (camel-1) thread #1 - timer://fetchWeather] INFO  DailyWeatherRoute - LOGV102 - Location - Barueri - Message Validation - End
2025-02-24 20:55:43 [Camel (camel-1) thread #1 - timer://fetchWeather] INFO  DailyWeatherRoute - LOGV002 - Location  - Barueri - Send to Queue - " + " - Start
2025-02-24 20:55:43 [Camel (camel-1) thread #1 - timer://fetchWeather] INFO  DailyWeatherRoute - LOGV102 - Location  - Barueri - Send to Queue - " +" - End
2025-02-24 20:55:43 [Camel (camel-1) thread #1 - timer://fetchWeather] INFO  DailyWeatherRoute - LOGV004 - Location - Barueri - Send to DataBase - Start
2025-02-24 20:55:43 [Camel (camel-1) thread #1 - timer://fetchWeather] INFO  DailyWeatherRoute - LOGV104 - LOG104 - Location - Barueri - Send to DataBase - End
2025-02-24 20:55:43 [Camel (camel-1) thread #1 - timer://fetchWeather] INFO  DailyWeatherRoute - LOGV100 - Weather Forecast Integration - End
